[debug] [2024-03-05T15:36:52.606Z] ----------------------------------------------------------------------
[debug] [2024-03-05T15:36:52.611Z] Command:       C:\Program Files\nodejs\node.exe C:\Program Files\nodejs\node_modules\firebase-tools\lib\bin\firebase.js init hosting:github
[debug] [2024-03-05T15:36:52.612Z] CLI Version:   13.4.0
[debug] [2024-03-05T15:36:52.612Z] Platform:      win32
[debug] [2024-03-05T15:36:52.613Z] Node Version:  v20.9.0
[debug] [2024-03-05T15:36:52.613Z] Time:          Tue Mar 05 2024 16:36:52 GMT+0100 (Central European Standard Time)
[debug] [2024-03-05T15:36:52.613Z] ----------------------------------------------------------------------
[debug] 
[debug] [2024-03-05T15:36:52.634Z] >>> [apiv2][query] GET https://firebase-public.firebaseio.com/cli.json [none]
[debug] [2024-03-05T15:36:52.828Z] > command requires scopes: ["email","openid","https://www.googleapis.com/auth/cloudplatformprojects.readonly","https://www.googleapis.com/auth/firebase","https://www.googleapis.com/auth/cloud-platform"]
[debug] [2024-03-05T15:36:52.829Z] > authorizing via signed-in user (nicolaslee2000@gmail.com)
[info] 
     ######## #### ########  ######## ########     ###     ######  ########
     ##        ##  ##     ## ##       ##     ##  ##   ##  ##       ##
     ######    ##  ########  ######   ########  #########  ######  ######
     ##        ##  ##    ##  ##       ##     ## ##     ##       ## ##
     ##       #### ##     ## ######## ########  ##     ##  ######  ########

You're about to initialize a Firebase project in this directory:

  C:\Users\nicol\Desktop\SendSnippet\send-snippet

Before we get started, keep in mind:

  * You are initializing within an existing Firebase project directory

[debug] [2024-03-05T15:36:53.159Z] <<< [apiv2][status] GET https://firebase-public.firebaseio.com/cli.json 200
[debug] [2024-03-05T15:36:53.160Z] <<< [apiv2][body] GET https://firebase-public.firebaseio.com/cli.json {"cloudBuildErrorAfter":1594252800000,"cloudBuildWarnAfter":1590019200000,"defaultNode10After":1594252800000,"minVersion":"3.0.5","node8DeploysDisabledAfter":1613390400000,"node8RuntimeDisabledAfter":1615809600000,"node8WarnAfter":1600128000000}
[info] 
=== Project Setup
[info] 
[info] First, let's associate this project directory with a Firebase project.
[info] You can create multiple project aliases by running firebase use --add, 
[info] but for now we'll just set up a default project.
[info] 
[debug] [2024-03-05T15:37:06.395Z] Using project from CLI flag: sendsnippet
[debug] [2024-03-05T15:37:06.397Z] > refreshing access token with scopes: []
[debug] [2024-03-05T15:37:06.399Z] >>> [apiv2][query] POST https://www.googleapis.com/oauth2/v3/token [none]
[debug] [2024-03-05T15:37:06.399Z] >>> [apiv2][body] POST https://www.googleapis.com/oauth2/v3/token [omitted]
[debug] [2024-03-05T15:37:06.591Z] <<< [apiv2][status] POST https://www.googleapis.com/oauth2/v3/token 200
[debug] [2024-03-05T15:37:06.592Z] <<< [apiv2][body] POST https://www.googleapis.com/oauth2/v3/token [omitted]
[debug] [2024-03-05T15:37:06.614Z] >>> [apiv2][query] GET https://firebase.googleapis.com/v1beta1/projects/sendsnippet [none]
[debug] [2024-03-05T15:37:06.984Z] <<< [apiv2][status] GET https://firebase.googleapis.com/v1beta1/projects/sendsnippet 200
[debug] [2024-03-05T15:37:06.984Z] <<< [apiv2][body] GET https://firebase.googleapis.com/v1beta1/projects/sendsnippet {"projectId":"sendsnippet","projectNumber":"465404866710","displayName":"SendSnippet","name":"projects/sendsnippet","resources":{"hostingSite":"sendsnippet"},"state":"ACTIVE","etag":"1_a42a79d2-b3a5-4430-9dc3-d999d66376bb"}
[info] i  Using project sendsnippet (SendSnippet) 
[info] 
=== Hosting:github Setup
[info] 
[info] i  Detected a .git folder at C:\Users\nicol\Desktop\SendSnippet 
[info] i  Authorizing with GitHub to upload your service account to a GitHub repository's secrets store. 
[info] 
[info] Visit this URL on this device to log in:
[info] https://github.com/login/oauth/authorize?client_id=89cf50f02ac6aaed3484&state=794408961&redirect_uri=http%3A%2F%2Flocalhost%3A9005&scope=read%3Auser%20repo%20public_repo
[info] 
[info] Waiting for authentication...
[debug] [2024-03-05T15:37:07.854Z] >>> [apiv2][query] POST https://github.com/login/oauth/access_token [none]
[debug] [2024-03-05T15:37:07.854Z] >>> [apiv2][body] POST https://github.com/login/oauth/access_token [stream]
[debug] [2024-03-05T15:37:08.251Z] <<< [apiv2][status] POST https://github.com/login/oauth/access_token 200
[debug] [2024-03-05T15:37:08.251Z] <<< [apiv2][body] POST https://github.com/login/oauth/access_token {"access_token":"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","token_type":"bearer","scope":"read:user,repo"}
[debug] [2024-03-05T15:37:08.277Z] >>> [apiv2][query] GET https://api.github.com/user [none]
[debug] [2024-03-05T15:37:08.541Z] <<< [apiv2][status] GET https://api.github.com/user 200
[debug] [2024-03-05T15:37:08.541Z] <<< [apiv2][body] GET https://api.github.com/user {"login":"nicolaslee2000","id":99460436,"node_id":"U_kgDOBe2lVA","avatar_url":"https://avatars.githubusercontent.com/u/99460436?v=4","gravatar_id":"","url":"https://api.github.com/users/nicolaslee2000","html_url":"https://github.com/nicolaslee2000","followers_url":"https://api.github.com/users/nicolaslee2000/followers","following_url":"https://api.github.com/users/nicolaslee2000/following{/other_user}","gists_url":"https://api.github.com/users/nicolaslee2000/gists{/gist_id}","starred_url":"https://api.github.com/users/nicolaslee2000/starred{/owner}{/repo}","subscriptions_url":"https://api.github.com/users/nicolaslee2000/subscriptions","organizations_url":"https://api.github.com/users/nicolaslee2000/orgs","repos_url":"https://api.github.com/users/nicolaslee2000/repos","events_url":"https://api.github.com/users/nicolaslee2000/events{/privacy}","received_events_url":"https://api.github.com/users/nicolaslee2000/received_events","type":"User","site_admin":false,"name":"Nick","company":null,"blog":"","location":null,"email":null,"hireable":null,"bio":null,"twitter_username":null,"public_repos":21,"public_gists":0,"followers":0,"following":0,"created_at":"2022-02-11T03:40:46Z","updated_at":"2023-10-22T19:24:09Z","private_gists":0,"total_private_repos":4,"owned_private_repos":4,"disk_usage":69953,"collaborators":3,"two_factor_authentication":false,"plan":{"name":"free","space":976562499,"collaborators":0,"private_repos":10000}}
[info] 
[info] +  Success! Logged into GitHub as nicolaslee2000 
[info] 
